2022-02-25 08:31:28,865 preetis-mac INFO  [org.kie.kogito.jobs.service.json.JacksonConfiguration:-1] (main) Jackson customization initialized.
2022-02-25 08:31:29,267 preetis-mac INFO  [io.smallrye.reactive.messaging.provider:-1] (main) SRMSG00208: Deployment done... start processing
2022-02-25 08:31:29,270 preetis-mac INFO  [io.smallrye.reactive.messaging.provider:-1] (main) SRMSG00226: Found incoming connectors: [smallrye-kafka]
2022-02-25 08:31:29,271 preetis-mac INFO  [io.smallrye.reactive.messaging.provider:-1] (main) SRMSG00227: Found outgoing connectors: [smallrye-kafka]
2022-02-25 08:31:29,272 preetis-mac INFO  [io.smallrye.reactive.messaging.provider:-1] (main) SRMSG00229: Channel manager initializing...
2022-02-25 08:31:29,275 preetis-mac INFO  [io.smallrye.reactive.messaging.provider:-1] (main) SRMSG00209: Initializing mediators
2022-02-25 08:31:29,312 preetis-mac INFO  [io.smallrye.reactive.messaging.provider:-1] (main) SRMSG00215: Connecting mediators
2022-02-25 08:31:29,312 preetis-mac INFO  [io.smallrye.reactive.messaging.provider:-1] (main) SRMSG00216: Attempt to resolve org.kie.kogito.jobs.service.scheduler.impl.TimerDelegateJobScheduler#jobErrorProcessor
2022-02-25 08:31:29,313 preetis-mac INFO  [io.smallrye.reactive.messaging.provider:-1] (main) SRMSG00216: Attempt to resolve org.kie.kogito.jobs.service.scheduler.impl.TimerDelegateJobScheduler#jobSuccessProcessor
2022-02-25 08:31:29,313 preetis-mac INFO  [io.smallrye.reactive.messaging.provider:-1] (main) SRMSG00216: Attempt to resolve org.kie.kogito.jobs.service.stream.JobStreams#jobErrorBroadcast
2022-02-25 08:31:29,314 preetis-mac INFO  [io.smallrye.reactive.messaging.provider:-1] (main) SRMSG00217: Connecting org.kie.kogito.jobs.service.stream.JobStreams#jobErrorBroadcast to `[job-error]` (org.eclipse.microprofile.reactive.streams.operators.core.PublisherBuilderImpl@5679d047)
2022-02-25 08:31:29,314 preetis-mac INFO  [io.smallrye.reactive.messaging.provider:-1] (main) SRMSG00216: Attempt to resolve org.kie.kogito.jobs.service.stream.JobStreams#jobStatusChangeBroadcast
2022-02-25 08:31:29,318 preetis-mac INFO  [io.smallrye.reactive.messaging.provider:-1] (main) SRMSG00217: Connecting org.kie.kogito.jobs.service.stream.JobStreams#jobStatusChangeBroadcast to `[job-status-change]` (org.eclipse.microprofile.reactive.streams.operators.core.PublisherBuilderImpl@49319453)
2022-02-25 08:31:29,318 preetis-mac INFO  [io.smallrye.reactive.messaging.provider:-1] (main) SRMSG00216: Attempt to resolve org.kie.kogito.jobs.service.stream.JobStreams#jobSuccessBroadcast
2022-02-25 08:31:29,319 preetis-mac INFO  [io.smallrye.reactive.messaging.provider:-1] (main) SRMSG00217: Connecting org.kie.kogito.jobs.service.stream.JobStreams#jobSuccessBroadcast to `[job-success]` (org.eclipse.microprofile.reactive.streams.operators.core.PublisherBuilderImpl@137b54ec)
2022-02-25 08:31:29,319 preetis-mac INFO  [io.smallrye.reactive.messaging.provider:-1] (main) SRMSG00216: Attempt to resolve org.kie.kogito.jobs.service.stream.KafkaJobStreams#jobStatusChangeKafkaPublisher
2022-02-25 08:31:29,319 preetis-mac INFO  [io.smallrye.reactive.messaging.provider:-1] (main) SRMSG00217: Connecting org.kie.kogito.jobs.service.stream.KafkaJobStreams#jobStatusChangeKafkaPublisher to `[job-status-change-events]` (org.eclipse.microprofile.reactive.streams.operators.core.PublisherBuilderImpl@42f20db7)
2022-02-25 08:31:29,319 preetis-mac INFO  [io.smallrye.reactive.messaging.provider:-1] (main) SRMSG00216: Attempt to resolve org.kie.kogito.jobs.service.scheduler.impl.TimerDelegateJobScheduler#jobErrorProcessor
2022-02-25 08:31:29,319 preetis-mac INFO  [io.smallrye.reactive.messaging.provider:-1] (main) SRMSG00217: Connecting org.kie.kogito.jobs.service.scheduler.impl.TimerDelegateJobScheduler#jobErrorProcessor to `[job-error-events]` (org.eclipse.microprofile.reactive.streams.operators.core.PublisherBuilderImpl@222243d8)
2022-02-25 08:31:29,319 preetis-mac INFO  [io.smallrye.reactive.messaging.provider:-1] (main) SRMSG00216: Attempt to resolve org.kie.kogito.jobs.service.scheduler.impl.TimerDelegateJobScheduler#jobSuccessProcessor
2022-02-25 08:31:29,319 preetis-mac INFO  [io.smallrye.reactive.messaging.provider:-1] (main) SRMSG00217: Connecting org.kie.kogito.jobs.service.scheduler.impl.TimerDelegateJobScheduler#jobSuccessProcessor to `[job-success-events]` (org.eclipse.microprofile.reactive.streams.operators.core.PublisherBuilderImpl@3a414433)
2022-02-25 08:31:29,366 preetis-mac INFO  [org.kie.kogito.jobs.service.repository.impl.JobRepositoryDelegate:-1] (vert.x-eventloop-thread-0) JobRepository selected class org.kie.kogito.jobs.service.repository.impl.InMemoryJobRepository_ClientProxy
2022-02-25 08:31:29,380 preetis-mac INFO  [org.kie.kogito.jobs.service.scheduler.JobSchedulerManager:-1] (vert.x-eventloop-thread-0) Loading scheduled jobs completed !
2022-02-25 08:31:29,496 preetis-mac INFO  [io.quarkus:-1] (main) jobs-service 0.17.0 on JVM (powered by Quarkus 1.8.0.Final) started in 1.609s. Listening on: http://0.0.0.0:8085
2022-02-25 08:31:29,496 preetis-mac INFO  [io.quarkus:-1] (main) Profile prod activated. 
2022-02-25 08:31:29,496 preetis-mac INFO  [io.quarkus:-1] (main) Installed features: [cdi, infinispan-client, mutiny, oidc, resteasy, resteasy-jackson, security, smallrye-context-propagation, smallrye-health, smallrye-openapi, smallrye-reactive-messaging, smallrye-reactive-messaging-kafka, swagger-ui, vertx, vertx-web]
