2022-03-03 08:49:24,051 preetis-mac INFO  [org.kie.kogito.jobs.service.scheduler.JobSchedulerManager:-1] (vert.x-eventloop-thread-1) Loading scheduled jobs completed !
2022-03-03 08:59:24,055 preetis-mac INFO  [org.kie.kogito.jobs.service.scheduler.JobSchedulerManager:-1] (vert.x-eventloop-thread-1) Loading scheduled jobs completed !
2022-03-03 09:09:24,044 preetis-mac INFO  [org.kie.kogito.jobs.service.scheduler.JobSchedulerManager:-1] (vert.x-eventloop-thread-1) Loading scheduled jobs completed !
2022-03-03 09:19:24,055 preetis-mac INFO  [org.kie.kogito.jobs.service.scheduler.JobSchedulerManager:-1] (vert.x-eventloop-thread-1) Loading scheduled jobs completed !
2022-03-03 09:29:24,052 preetis-mac INFO  [org.kie.kogito.jobs.service.scheduler.JobSchedulerManager:-1] (vert.x-eventloop-thread-1) Loading scheduled jobs completed !
2022-03-03 09:39:24,065 preetis-mac INFO  [org.kie.kogito.jobs.service.scheduler.JobSchedulerManager:-1] (vert.x-eventloop-thread-1) Loading scheduled jobs completed !
2022-03-03 09:49:24,067 preetis-mac INFO  [org.kie.kogito.jobs.service.scheduler.JobSchedulerManager:-1] (vert.x-eventloop-thread-1) Loading scheduled jobs completed !
2022-03-03 09:59:24,100 preetis-mac INFO  [org.kie.kogito.jobs.service.scheduler.JobSchedulerManager:-1] (vert.x-eventloop-thread-1) Loading scheduled jobs completed !
2022-03-03 10:09:24,113 preetis-mac INFO  [org.kie.kogito.jobs.service.scheduler.JobSchedulerManager:-1] (vert.x-eventloop-thread-1) Loading scheduled jobs completed !
2022-03-03 10:19:24,092 preetis-mac INFO  [org.kie.kogito.jobs.service.scheduler.JobSchedulerManager:-1] (vert.x-eventloop-thread-1) Loading scheduled jobs completed !
2022-03-03 10:29:24,054 preetis-mac INFO  [org.kie.kogito.jobs.service.scheduler.JobSchedulerManager:-1] (vert.x-eventloop-thread-1) Loading scheduled jobs completed !
2022-03-03 10:39:24,064 preetis-mac INFO  [org.kie.kogito.jobs.service.scheduler.JobSchedulerManager:-1] (vert.x-eventloop-thread-1) Loading scheduled jobs completed !
2022-03-03 10:49:24,089 preetis-mac INFO  [org.kie.kogito.jobs.service.scheduler.JobSchedulerManager:-1] (vert.x-eventloop-thread-1) Loading scheduled jobs completed !
2022-03-03 10:59:24,106 preetis-mac INFO  [org.kie.kogito.jobs.service.scheduler.JobSchedulerManager:-1] (vert.x-eventloop-thread-1) Loading scheduled jobs completed !
2022-03-03 11:09:24,076 preetis-mac INFO  [org.kie.kogito.jobs.service.scheduler.JobSchedulerManager:-1] (vert.x-eventloop-thread-1) Loading scheduled jobs completed !
2022-03-03 11:19:24,089 preetis-mac INFO  [org.kie.kogito.jobs.service.scheduler.JobSchedulerManager:-1] (vert.x-eventloop-thread-1) Loading scheduled jobs completed !
2022-03-03 11:25:08,865 preetis-mac INFO  [org.kie.kogito.jobs.service.model.job.HttpJob:-1] (vert.x-eventloop-thread-4) Executing for context JobDetails[id='840a26a8-155d-4d62-bdba-c909e9403b83_1', correlationId='840a26a8-155d-4d62-bdba-c909e9403b83_1', status=null, lastUpdate=2022-03-03T00:25:03.950Z[UTC], retries=0, executionCounter=0, scheduledId='null', payload={"processInstanceId":"61c5892d-f9dc-46d4-a5c9-e185f47c16c6","rootProcessInstanceId":"35da473b-38b0-496b-8397-79c6d91022c3","processId":"timersOnTask","rootProcessId":"subProcess","nodeInstanceId":"3d27f01a-9ee1-4a8a-aaa6-a9d46303b924"}, recipient=HTTPRecipient[endpoint='http://localhost:8080/management/jobs/timersOnTask/instances/61c5892d-f9dc-46d4-a5c9-e185f47c16c6/timers/840a26a8-155d-4d62-bdba-c909e9403b83_1'], trigger=PointInTimeTrigger @ Thu Mar 03 11:25:08 AEDT 2022, type=HTTP]
2022-03-03 11:25:08,919 preetis-mac INFO  [org.kie.kogito.jobs.service.executor.HttpJobExecutor:-1] (vert.x-eventloop-thread-13) handle success JobExecutionResponse[message='OK', code='200', timestamp=2022-03-03T11:25:08.918340+11:00[Australia/Melbourne], jobId='840a26a8-155d-4d62-bdba-c909e9403b83_1']
2022-03-03 11:25:17,904 preetis-mac INFO  [org.kie.kogito.jobs.service.model.job.HttpJob:-1] (vert.x-eventloop-thread-5) Executing for context JobDetails[id='e8a73ea1-6a6e-477b-88da-df4c4fde8542_1', correlationId='e8a73ea1-6a6e-477b-88da-df4c4fde8542_1', status=null, lastUpdate=2022-03-03T00:25:08.913Z[UTC], retries=0, executionCounter=0, scheduledId='null', payload={"processInstanceId":"aa960495-10f7-4caf-a777-d4048368d10a","rootProcessInstanceId":"35da473b-38b0-496b-8397-79c6d91022c3","processId":"timersOnTask","rootProcessId":"subProcess","nodeInstanceId":"6ea07dec-b604-42c7-ad1e-465801bfaba7"}, recipient=HTTPRecipient[endpoint='http://localhost:8080/management/jobs/timersOnTask/instances/aa960495-10f7-4caf-a777-d4048368d10a/timers/e8a73ea1-6a6e-477b-88da-df4c4fde8542_1'], trigger=PointInTimeTrigger @ Thu Mar 03 11:25:17 AEDT 2022, type=HTTP]
2022-03-03 11:25:17,916 preetis-mac INFO  [org.kie.kogito.jobs.service.executor.HttpJobExecutor:-1] (vert.x-eventloop-thread-13) handle success JobExecutionResponse[message='OK', code='200', timestamp=2022-03-03T11:25:17.916139+11:00[Australia/Melbourne], jobId='e8a73ea1-6a6e-477b-88da-df4c4fde8542_1']
2022-03-03 11:29:24,104 preetis-mac INFO  [org.kie.kogito.jobs.service.scheduler.JobSchedulerManager:-1] (vert.x-eventloop-thread-1) Loading scheduled jobs completed !
2022-03-03 11:39:24,094 preetis-mac INFO  [org.kie.kogito.jobs.service.scheduler.JobSchedulerManager:-1] (vert.x-eventloop-thread-1) Loading scheduled jobs completed !
2022-03-03 11:49:23,982 preetis-mac INFO  [org.kie.kogito.jobs.service.scheduler.JobSchedulerManager:-1] (vert.x-eventloop-thread-1) Loading scheduled jobs completed !
2022-03-03 11:59:23,986 preetis-mac INFO  [org.kie.kogito.jobs.service.scheduler.JobSchedulerManager:-1] (vert.x-eventloop-thread-1) Loading scheduled jobs completed !
2022-03-03 12:09:23,933 preetis-mac INFO  [org.kie.kogito.jobs.service.scheduler.JobSchedulerManager:-1] (vert.x-eventloop-thread-1) Loading scheduled jobs completed !
2022-03-03 12:19:23,934 preetis-mac INFO  [org.kie.kogito.jobs.service.scheduler.JobSchedulerManager:-1] (vert.x-eventloop-thread-1) Loading scheduled jobs completed !
2022-03-03 12:29:23,962 preetis-mac INFO  [org.kie.kogito.jobs.service.scheduler.JobSchedulerManager:-1] (vert.x-eventloop-thread-1) Loading scheduled jobs completed !
2022-03-03 12:39:23,973 preetis-mac INFO  [org.kie.kogito.jobs.service.scheduler.JobSchedulerManager:-1] (vert.x-eventloop-thread-1) Loading scheduled jobs completed !
2022-03-03 12:49:23,912 preetis-mac INFO  [org.kie.kogito.jobs.service.scheduler.JobSchedulerManager:-1] (vert.x-eventloop-thread-1) Loading scheduled jobs completed !
2022-03-03 12:59:23,917 preetis-mac INFO  [org.kie.kogito.jobs.service.scheduler.JobSchedulerManager:-1] (vert.x-eventloop-thread-1) Loading scheduled jobs completed !
2022-03-03 13:09:23,924 preetis-mac INFO  [org.kie.kogito.jobs.service.scheduler.JobSchedulerManager:-1] (vert.x-eventloop-thread-1) Loading scheduled jobs completed !
2022-03-03 13:19:23,928 preetis-mac INFO  [org.kie.kogito.jobs.service.scheduler.JobSchedulerManager:-1] (vert.x-eventloop-thread-1) Loading scheduled jobs completed !
2022-03-03 13:29:23,932 preetis-mac INFO  [org.kie.kogito.jobs.service.scheduler.JobSchedulerManager:-1] (vert.x-eventloop-thread-1) Loading scheduled jobs completed !
2022-03-03 13:39:23,935 preetis-mac INFO  [org.kie.kogito.jobs.service.scheduler.JobSchedulerManager:-1] (vert.x-eventloop-thread-1) Loading scheduled jobs completed !
2022-03-03 13:49:23,939 preetis-mac INFO  [org.kie.kogito.jobs.service.scheduler.JobSchedulerManager:-1] (vert.x-eventloop-thread-1) Loading scheduled jobs completed !
2022-03-03 13:59:23,944 preetis-mac INFO  [org.kie.kogito.jobs.service.scheduler.JobSchedulerManager:-1] (vert.x-eventloop-thread-1) Loading scheduled jobs completed !
2022-03-03 14:09:23,949 preetis-mac INFO  [org.kie.kogito.jobs.service.scheduler.JobSchedulerManager:-1] (vert.x-eventloop-thread-1) Loading scheduled jobs completed !
2022-03-03 14:39:48,977 preetis-mac INFO  [org.kie.kogito.jobs.service.scheduler.JobSchedulerManager:-1] (vert.x-eventloop-thread-1) Loading scheduled jobs completed !
2022-03-03 14:49:48,975 preetis-mac INFO  [org.kie.kogito.jobs.service.scheduler.JobSchedulerManager:-1] (vert.x-eventloop-thread-1) Loading scheduled jobs completed !
2022-03-03 14:59:48,980 preetis-mac INFO  [org.kie.kogito.jobs.service.scheduler.JobSchedulerManager:-1] (vert.x-eventloop-thread-1) Loading scheduled jobs completed !
2022-03-03 15:09:48,980 preetis-mac INFO  [org.kie.kogito.jobs.service.scheduler.JobSchedulerManager:-1] (vert.x-eventloop-thread-1) Loading scheduled jobs completed !
2022-03-03 15:19:48,981 preetis-mac INFO  [org.kie.kogito.jobs.service.scheduler.JobSchedulerManager:-1] (vert.x-eventloop-thread-1) Loading scheduled jobs completed !
2022-03-03 15:29:48,981 preetis-mac INFO  [org.kie.kogito.jobs.service.scheduler.JobSchedulerManager:-1] (vert.x-eventloop-thread-1) Loading scheduled jobs completed !
2022-03-03 15:39:48,986 preetis-mac INFO  [org.kie.kogito.jobs.service.scheduler.JobSchedulerManager:-1] (vert.x-eventloop-thread-1) Loading scheduled jobs completed !
2022-03-03 15:49:48,986 preetis-mac INFO  [org.kie.kogito.jobs.service.scheduler.JobSchedulerManager:-1] (vert.x-eventloop-thread-1) Loading scheduled jobs completed !
2022-03-03 15:59:48,988 preetis-mac INFO  [org.kie.kogito.jobs.service.scheduler.JobSchedulerManager:-1] (vert.x-eventloop-thread-1) Loading scheduled jobs completed !
2022-03-03 16:09:48,989 preetis-mac INFO  [org.kie.kogito.jobs.service.scheduler.JobSchedulerManager:-1] (vert.x-eventloop-thread-1) Loading scheduled jobs completed !
2022-03-03 16:19:48,990 preetis-mac INFO  [org.kie.kogito.jobs.service.scheduler.JobSchedulerManager:-1] (vert.x-eventloop-thread-1) Loading scheduled jobs completed !
2022-03-03 16:29:48,990 preetis-mac INFO  [org.kie.kogito.jobs.service.scheduler.JobSchedulerManager:-1] (vert.x-eventloop-thread-1) Loading scheduled jobs completed !
2022-03-03 16:39:48,993 preetis-mac INFO  [org.kie.kogito.jobs.service.scheduler.JobSchedulerManager:-1] (vert.x-eventloop-thread-1) Loading scheduled jobs completed !
2022-03-03 16:49:48,995 preetis-mac INFO  [org.kie.kogito.jobs.service.scheduler.JobSchedulerManager:-1] (vert.x-eventloop-thread-1) Loading scheduled jobs completed !
2022-03-03 16:59:48,996 preetis-mac INFO  [org.kie.kogito.jobs.service.scheduler.JobSchedulerManager:-1] (vert.x-eventloop-thread-1) Loading scheduled jobs completed !
2022-03-03 17:09:48,997 preetis-mac INFO  [org.kie.kogito.jobs.service.scheduler.JobSchedulerManager:-1] (vert.x-eventloop-thread-1) Loading scheduled jobs completed !
2022-03-03 17:19:49,000 preetis-mac INFO  [org.kie.kogito.jobs.service.scheduler.JobSchedulerManager:-1] (vert.x-eventloop-thread-1) Loading scheduled jobs completed !
2022-03-03 17:29:49,002 preetis-mac INFO  [org.kie.kogito.jobs.service.scheduler.JobSchedulerManager:-1] (vert.x-eventloop-thread-1) Loading scheduled jobs completed !
2022-03-03 17:39:49,003 preetis-mac INFO  [org.kie.kogito.jobs.service.scheduler.JobSchedulerManager:-1] (vert.x-eventloop-thread-1) Loading scheduled jobs completed !
2022-03-03 17:49:49,005 preetis-mac INFO  [org.kie.kogito.jobs.service.scheduler.JobSchedulerManager:-1] (vert.x-eventloop-thread-1) Loading scheduled jobs completed !
2022-03-03 20:49:37,878 preetis-mac INFO  [org.kie.kogito.jobs.service.scheduler.JobSchedulerManager:-1] (vert.x-eventloop-thread-1) Loading scheduled jobs completed !
